2025-02-26 12:41:46,195 - INFO - FAILED: admin:password123
2025-02-26 12:41:46,445 - INFO - FAILED: admin:admin123
2025-02-26 12:41:46,900 - INFO - FAILED: admin:qwerty
2025-02-26 12:41:47,670 - INFO - FAILED: admin:123456
2025-02-26 12:41:47,975 - INFO - FAILED: user:password123
2025-02-26 12:41:48,465 - INFO - FAILED: user:admin123
2025-02-26 12:41:48,877 - INFO - FAILED: user:qwerty
2025-02-26 12:41:49,394 - INFO - FAILED: user:123456
2025-02-26 12:41:49,901 - INFO - FAILED: guest:password123
2025-02-26 12:41:50,380 - INFO - FAILED: guest:admin123
2025-02-26 12:41:50,915 - INFO - FAILED: guest:qwerty
2025-02-26 12:41:51,386 - INFO - FAILED: guest:123456
2025-02-26 12:46:23,217 - INFO - FAILED: admin:password123
2025-02-26 12:46:23,600 - INFO - FAILED: admin:admin123
2025-02-26 12:46:24,285 - INFO - FAILED: admin:qwerty
2025-02-26 12:46:24,536 - INFO - FAILED: admin:123456
2025-02-26 12:46:24,940 - INFO - FAILED: user:password123
2025-02-26 12:46:25,456 - INFO - FAILED: user:admin123
2025-02-26 12:46:25,955 - INFO - FAILED: user:qwerty
2025-02-26 12:46:26,453 - INFO - FAILED: user:123456
2025-02-26 12:46:26,960 - INFO - FAILED: guest:password123
2025-02-26 12:46:27,453 - INFO - FAILED: guest:admin123
2025-02-26 12:46:27,952 - INFO - FAILED: guest:qwerty
2025-02-26 12:46:28,455 - INFO - FAILED: guest:123456
2025-02-26 12:47:42,020 - INFO - FAILED: admin:password123
2025-02-26 12:47:42,672 - INFO - FAILED: admin:admin123
2025-02-26 12:47:42,931 - INFO - FAILED: admin:qwerty
2025-02-26 12:47:43,453 - INFO - FAILED: admin:123456
2025-02-26 12:47:43,941 - INFO - FAILED: user:password123
2025-02-26 12:47:44,449 - INFO - FAILED: user:admin123
2025-02-26 12:47:44,953 - INFO - FAILED: user:qwerty
2025-02-26 12:47:45,462 - INFO - FAILED: user:123456
2025-02-26 12:47:45,972 - INFO - FAILED: guest:password123
2025-02-26 12:47:46,449 - INFO - FAILED: guest:admin123
2025-02-26 12:47:46,987 - INFO - FAILED: guest:qwerty
2025-02-26 12:47:47,459 - INFO - FAILED: guest:123456
2025-02-26 12:54:10,944 - INFO - FAILED: admin:password123
2025-02-26 12:54:11,298 - INFO - FAILED: admin:admin123
2025-02-26 12:54:11,843 - INFO - FAILED: admin:qwerty
2025-02-26 12:54:12,414 - INFO - FAILED: admin:123456
2025-02-26 12:54:12,807 - INFO - FAILED: user:password123
2025-02-26 12:54:13,386 - INFO - FAILED: user:admin123
2025-02-26 12:54:13,637 - INFO - FAILED: user:qwerty
2025-02-26 12:54:14,150 - INFO - FAILED: user:123456
2025-02-26 12:54:14,651 - INFO - FAILED: guest:password123
2025-02-26 12:54:15,157 - INFO - FAILED: guest:admin123
2025-02-26 12:54:15,666 - INFO - FAILED: guest:qwerty
2025-02-26 12:54:16,153 - INFO - FAILED: guest:123456
2025-02-26 12:56:57,286 - INFO - FAILED: admin:password123
2025-02-26 12:56:57,450 - INFO - FAILED: admin:admin123
2025-02-26 12:56:58,182 - INFO - FAILED: admin:qwerty
2025-02-26 12:56:58,467 - INFO - FAILED: admin:123456
2025-02-26 12:56:58,958 - INFO - FAILED: user:password123
2025-02-26 12:56:59,444 - INFO - FAILED: user:admin123
2025-02-26 12:56:59,940 - INFO - FAILED: user:qwerty
2025-02-26 12:57:00,449 - INFO - FAILED: user:123456
2025-02-26 12:57:00,975 - INFO - FAILED: guest:password123
2025-02-26 12:57:01,471 - INFO - FAILED: guest:admin123
2025-02-26 12:57:01,936 - INFO - FAILED: guest:qwerty
2025-02-26 12:57:02,492 - INFO - FAILED: guest:123456
2025-02-26 13:00:34,391 - INFO - FAILED: admin:password123
2025-02-26 13:00:34,554 - INFO - FAILED: admin:admin123
2025-02-26 13:00:35,227 - INFO - FAILED: admin:qwerty
2025-02-26 13:00:35,637 - INFO - FAILED: admin:123456
2025-02-26 13:00:35,901 - INFO - FAILED: user:password123
2025-02-26 13:00:36,389 - INFO - FAILED: user:admin123
2025-02-26 13:00:36,873 - INFO - FAILED: user:qwerty
2025-02-26 13:00:37,468 - INFO - FAILED: user:123456
2025-02-26 13:00:37,878 - INFO - FAILED: guest:password123
2025-02-26 13:00:38,424 - INFO - FAILED: guest:admin123
2025-02-26 13:00:38,896 - INFO - FAILED: guest:qwerty
2025-02-26 13:00:39,379 - INFO - FAILED: guest:123456
2025-02-26 13:01:59,178 - INFO - FAILED: admin:password123
2025-02-26 13:01:59,439 - INFO - FAILED: admin:admin123
2025-02-26 13:02:00,092 - INFO - FAILED: admin:qwerty
2025-02-26 13:02:00,398 - INFO - FAILED: admin:123456
2025-02-26 13:02:00,870 - INFO - FAILED: user:password123
2025-02-26 13:02:01,364 - INFO - FAILED: user:admin123
2025-02-26 13:02:01,898 - INFO - FAILED: user:qwerty
2025-02-26 13:02:02,431 - INFO - FAILED: user:123456
2025-02-26 13:02:02,912 - INFO - FAILED: guest:password123
2025-02-26 13:02:03,401 - INFO - FAILED: guest:admin123
2025-02-26 13:02:03,868 - INFO - FAILED: guest:qwerty
2025-02-26 13:02:04,383 - INFO - FAILED: guest:123456
2025-02-26 13:08:30,906 - INFO - FAILED: admin:password123
2025-02-26 13:08:31,224 - INFO - FAILED: admin:admin123
2025-02-26 13:08:31,769 - INFO - FAILED: admin:qwerty
2025-02-26 13:08:32,209 - INFO - FAILED: admin:123456
2025-02-26 13:08:32,727 - INFO - FAILED: user:password123
2025-02-26 13:08:33,326 - INFO - FAILED: user:admin123
2025-02-26 13:08:33,673 - INFO - FAILED: user:qwerty
2025-02-26 13:08:34,194 - INFO - FAILED: user:123456
2025-02-26 13:08:34,722 - INFO - FAILED: guest:password123
2025-02-26 13:08:35,233 - INFO - FAILED: guest:admin123
2025-02-26 13:08:35,699 - INFO - FAILED: guest:qwerty
2025-02-26 13:08:36,236 - INFO - FAILED: guest:123456
2025-02-26 13:20:20,379 - INFO - FAILED: admin:password123
2025-02-26 13:20:20,621 - INFO - FAILED: admin:admin123
2025-02-26 13:20:21,110 - INFO - FAILED: admin:qwerty
2025-02-26 13:20:21,662 - INFO - FAILED: admin:123456
2025-02-26 13:20:22,125 - INFO - FAILED: user:password123
2025-02-26 13:20:22,628 - INFO - FAILED: user:admin123
2025-02-26 13:20:23,178 - INFO - FAILED: user:qwerty
2025-02-26 13:20:23,694 - INFO - FAILED: user:123456
2025-02-26 13:20:24,103 - INFO - FAILED: guest:password123
2025-02-26 13:20:24,616 - INFO - FAILED: guest:admin123
2025-02-26 13:20:25,123 - INFO - FAILED: guest:qwerty
2025-02-26 13:20:25,607 - INFO - FAILED: guest:123456
2025-02-26 13:38:18,100 - INFO - FAILED: admin:password123
2025-02-26 13:38:18,560 - INFO - FAILED: admin:admin123
2025-02-26 13:38:18,967 - INFO - FAILED: admin:qwerty
2025-02-26 13:38:19,482 - INFO - FAILED: admin:123456
2025-02-26 13:38:19,971 - INFO - FAILED: user:password123
2025-02-26 13:38:20,481 - INFO - FAILED: user:admin123
2025-02-26 13:38:20,947 - INFO - FAILED: user:qwerty
2025-02-26 13:38:21,487 - INFO - FAILED: user:123456
2025-02-26 13:38:21,925 - INFO - FAILED: guest:password123
2025-02-26 13:38:22,486 - INFO - FAILED: guest:admin123
2025-02-26 13:38:23,000 - INFO - FAILED: guest:qwerty
2025-02-26 13:38:23,441 - INFO - FAILED: guest:123456
